<?xml version="1.0" encoding="UTF-8"?>
<!-- Generated by org.testng.reporters.JUnitReportReporter -->
<testsuite skipped="0" hostname="DESKTOP-RR053FN" name="test.LoginTest" tests="1" failures="0" timestamp="2020-05-11T15:30:36 CDT" time="24.314" errors="0">
  <testcase name="validUserShouldabletologin" time="24.314" classname="test.LoginTest"/>
</testsuite> <!-- test.LoginTest -->
